
=== Thu Dec  5 11:21:19 2024

Packages were changed.
Update Mode: mergeDefaultDependencies

The following packages were 追加済:
  com.unity.modules.ai@1.0.0
  com.unity.modules.androidjni@1.0.0
  com.unity.modules.animation@1.0.0
  com.unity.modules.assetbundle@1.0.0
  com.unity.modules.audio@1.0.0
  com.unity.modules.cloth@1.0.0
  com.unity.modules.director@1.0.0
  com.unity.modules.imageconversion@1.0.0
  com.unity.modules.imgui@1.0.0
  com.unity.modules.jsonserialize@1.0.0
  com.unity.modules.particlesystem@1.0.0
  com.unity.modules.physics@1.0.0
  com.unity.modules.physics2d@1.0.0
  com.unity.modules.screencapture@1.0.0
  com.unity.modules.terrain@1.0.0
  com.unity.modules.terrainphysics@1.0.0
  com.unity.modules.tilemap@1.0.0
  com.unity.modules.ui@1.0.0
  com.unity.modules.uielements@1.0.0
  com.unity.modules.umbra@1.0.0
  com.unity.modules.unityanalytics@1.0.0
  com.unity.modules.unitywebrequest@1.0.0
  com.unity.modules.unitywebrequestassetbundle@1.0.0
  com.unity.modules.unitywebrequestaudio@1.0.0
  com.unity.modules.unitywebrequesttexture@1.0.0
  com.unity.modules.unitywebrequestwww@1.0.0
  com.unity.modules.vehicles@1.0.0
  com.unity.modules.video@1.0.0
  com.unity.modules.vr@1.0.0
  com.unity.modules.wind@1.0.0
  com.unity.modules.xr@1.0.0
The following packages were 更新済:
  com.unity.collab-proxy をバージョン 2.0.0 から 2.3.1 へ
  com.unity.feature.2d をバージョン 1.0.0 から 2.0.0 へ
  com.unity.ide.rider をバージョン 3.0.18 から 3.0.28 へ
  com.unity.ide.visualstudio をバージョン 2.0.17 から 2.0.22 へ
  com.unity.timeline をバージョン 1.7.3 から 1.7.6 へ
  com.unity.visualscripting をバージョン 1.8.0 から 1.9.4 へ

=== Thu Dec 12 21:51:04 2024

Packages were changed.
Update Mode: updateDependencies

The following packages were 追加済み:
  com.unity.modules.accessibility@1.0.0
  com.unity.multiplayer.center@1.0.0
The following packages were 更新済み:
  com.unity.feature.2d をバージョン 2.0.0 から 2.0.1 へ
  com.unity.ide.rider をバージョン 3.0.28 から 3.0.31 へ
  com.unity.test-framework をバージョン 1.1.33 から 1.4.5 へ
  com.unity.timeline をバージョン 1.7.6 から 1.8.7 へ
  com.unity.ugui をバージョン 1.0.0 から 2.0.0 へ
  com.unity.visualscripting をバージョン 1.9.4 から 1.9.5 へ
The following packages were 削除済み:
  com.unity.textmeshpro@3.0.6
